<?xml version="1.0" encoding="UTF-8"?>
<testsuite name="ProductInventoryTest" tests="7" skipped="0" failures="0" errors="0" timestamp="2024-12-24T21:27:40" hostname="DESKTOP-URGQT26" time="1.053">
  <properties/>
  <testcase name="isProductReady_productUtilityFindsNothing_returnsEmptyOptional()" classname="ProductInventoryTest" time="0.854"/>
  <testcase name="isProductReady_wrongItemNumber_throwsIllegalArgumentException()" classname="ProductInventoryTest" time="0.049"/>
  <testcase name="findProductNames_productUtilityFindsNames_returnsPopulatedMap()" classname="ProductInventoryTest" time="0.022"/>
  <testcase name="findProductNames_nullProductUtility_throwsIllegalArgumentException()" classname="ProductInventoryTest" time="0.005"/>
  <testcase name="isProductReady_productIsReady_returnsPopulatedOptional()" classname="ProductInventoryTest" time="0.006"/>
  <testcase name="findProductNames_nullProductIDs_throwsIllegalArgumentException()" classname="ProductInventoryTest" time="0.025"/>
  <testcase name="findProductNames_productUtilityFindsNothing_returnsEmptyMap()" classname="ProductInventoryTest" time="0.073"/>
  <system-out><![CDATA[]]></system-out>
  <system-err><![CDATA[]]></system-err>
</testsuite>
